  Application.cpp
F:\repos\OpenGl\Application\Shader.h(61,40): warning C4101: 'e': unreferenced local variable
F:\repos\OpenGl\Application\Application.cpp(213,28): warning C4244: 'initializing': conversion from 'double' to 'float', possible loss of data
F:\repos\OpenGl\Application\Application.cpp(238,27): warning C4244: '=': conversion from 'double' to 'T', possible loss of data
          with
          [
              T=float
          ]
F:\repos\OpenGl\Application\Application.cpp(239,27): warning C4244: '=': conversion from 'double' to 'T', possible loss of data
          with
          [
              T=float
          ]
F:\repos\OpenGl\Application\Application.cpp(240,27): warning C4244: '=': conversion from 'double' to 'T', possible loss of data
          with
          [
              T=float
          ]
F:\repos\OpenGl\Application\Application.cpp(347,17): warning C4244: '=': conversion from 'double' to 'float', possible loss of data
F:\repos\OpenGl\Application\Application.cpp(348,17): warning C4244: '=': conversion from 'double' to 'float', possible loss of data
F:\repos\OpenGl\Application\Application.cpp(352,19): warning C4244: 'initializing': conversion from 'double' to 'float', possible loss of data
F:\repos\OpenGl\Application\Application.cpp(353,19): warning C4244: 'initializing': conversion from 'double' to 'float', possible loss of data
F:\repos\OpenGl\Application\Application.cpp(355,13): warning C4244: '=': conversion from 'double' to 'float', possible loss of data
F:\repos\OpenGl\Application\Application.cpp(356,13): warning C4244: '=': conversion from 'double' to 'float', possible loss of data
F:\repos\OpenGl\Application\Application.cpp(364,31): warning C4244: 'argument': conversion from 'double' to 'float', possible loss of data
  Application.vcxproj -> F:\repos\OpenGl\Application\Debug\Application.exe
